INFO: [VRFC 10-2263] Analyzing Verilog file "C:/Users/Hisham Elreedy/OneDrive/Documents/Butterfly_FFT/syn/Butterfly_FFT/Butterfly_FFT.srcs/sources_1/imports/rtl/butterfly.v" into library xil_defaultlib
INFO: [VRFC 10-311] analyzing module butterfly
INFO: [VRFC 10-2263] Analyzing Verilog file "C:/Users/Hisham Elreedy/OneDrive/Documents/Butterfly_FFT/syn/Butterfly_FFT/Butterfly_FFT.srcs/sources_1/imports/rtl/compadder.v" into library xil_defaultlib
INFO: [VRFC 10-311] analyzing module compadder
INFO: [VRFC 10-2263] Analyzing Verilog file "C:/Users/Hisham Elreedy/OneDrive/Documents/Butterfly_FFT/syn/Butterfly_FFT/Butterfly_FFT.srcs/sources_1/imports/rtl/compmult.v" into library xil_defaultlib
INFO: [VRFC 10-311] analyzing module compmult
INFO: [VRFC 10-2263] Analyzing Verilog file "C:/Users/Hisham Elreedy/OneDrive/Documents/Butterfly_FFT/syn/Butterfly_FFT/Butterfly_FFT.srcs/sources_1/imports/rtl/fftc0.v" into library xil_defaultlib
INFO: [VRFC 10-311] analyzing module fftc0
INFO: [VRFC 10-2263] Analyzing Verilog file "C:/Users/Hisham Elreedy/OneDrive/Documents/Butterfly_FFT/syn/Butterfly_FFT/Butterfly_FFT.srcs/sources_1/imports/rtl/fftc1.v" into library xil_defaultlib
INFO: [VRFC 10-311] analyzing module fftc1
INFO: [VRFC 10-2263] Analyzing Verilog file "C:/Users/Hisham Elreedy/OneDrive/Documents/Butterfly_FFT/syn/Butterfly_FFT/Butterfly_FFT.srcs/sources_1/imports/rtl/fftc2.v" into library xil_defaultlib
INFO: [VRFC 10-311] analyzing module fftc2
INFO: [VRFC 10-2263] Analyzing Verilog file "C:/Users/Hisham Elreedy/OneDrive/Documents/Butterfly_FFT/syn/Butterfly_FFT/Butterfly_FFT.srcs/sources_1/imports/rtl/fftc3.v" into library xil_defaultlib
INFO: [VRFC 10-311] analyzing module fftc3
INFO: [VRFC 10-2263] Analyzing Verilog file "C:/Users/Hisham Elreedy/OneDrive/Documents/Butterfly_FFT/syn/Butterfly_FFT/Butterfly_FFT.srcs/sources_1/imports/rtl/fftc4.v" into library xil_defaultlib
INFO: [VRFC 10-311] analyzing module fftc4
INFO: [VRFC 10-2263] Analyzing Verilog file "C:/Users/Hisham Elreedy/OneDrive/Documents/Butterfly_FFT/syn/Butterfly_FFT/Butterfly_FFT.srcs/sources_1/imports/rtl/fladder.v" into library xil_defaultlib
INFO: [VRFC 10-311] analyzing module fladder
INFO: [VRFC 10-2263] Analyzing Verilog file "C:/Users/Hisham Elreedy/OneDrive/Documents/Butterfly_FFT/syn/Butterfly_FFT/Butterfly_FFT.srcs/sources_1/imports/rtl/flmult.v" into library xil_defaultlib
INFO: [VRFC 10-311] analyzing module flmult
INFO: [VRFC 10-2263] Analyzing Verilog file "C:/Users/Hisham Elreedy/OneDrive/Documents/Butterfly_FFT/syn/Butterfly_FFT/Butterfly_FFT.srcs/sources_1/imports/rtl/mac.v" into library xil_defaultlib
INFO: [VRFC 10-311] analyzing module mac
INFO: [VRFC 10-2263] Analyzing Verilog file "C:/Users/Hisham Elreedy/OneDrive/Documents/Butterfly_FFT/syn/Butterfly_FFT/Butterfly_FFT.srcs/sources_1/imports/rtl/priority_encoder.v" into library xil_defaultlib
INFO: [VRFC 10-311] analyzing module priority_encoder
INFO: [VRFC 10-2263] Analyzing Verilog file "C:/Users/Hisham Elreedy/OneDrive/Documents/Butterfly_FFT/syn/Butterfly_FFT/Butterfly_FFT.srcs/sim_1/imports/tb/butterfly_tb.v" into library xil_defaultlib
INFO: [VRFC 10-311] analyzing module butterfly_tb
